mode: set
/home/valeriya/project/go_client/form3/client.go:35.49,36.23 1 1
/home/valeriya/project/go_client/form3/client.go:39.2,44.10 5 1
/home/valeriya/project/go_client/form3/client.go:36.23,38.3 1 1
/home/valeriya/project/go_client/form3/client.go:52.93,53.45 1 1
/home/valeriya/project/go_client/form3/client.go:56.2,57.16 2 1
/home/valeriya/project/go_client/form3/client.go:61.2,62.17 2 1
/home/valeriya/project/go_client/form3/client.go:72.2,73.16 2 1
/home/valeriya/project/go_client/form3/client.go:77.2,77.24 1 1
/home/valeriya/project/go_client/form3/client.go:81.2,81.22 1 1
/home/valeriya/project/go_client/form3/client.go:85.2,85.17 1 1
/home/valeriya/project/go_client/form3/client.go:53.45,55.3 1 0
/home/valeriya/project/go_client/form3/client.go:57.16,59.3 1 0
/home/valeriya/project/go_client/form3/client.go:62.17,67.17 5 1
/home/valeriya/project/go_client/form3/client.go:67.17,69.4 1 0
/home/valeriya/project/go_client/form3/client.go:73.16,75.3 1 0
/home/valeriya/project/go_client/form3/client.go:77.24,79.3 1 1
/home/valeriya/project/go_client/form3/client.go:81.22,83.3 1 1
/home/valeriya/project/go_client/form3/client.go:96.95,97.16 1 1
/home/valeriya/project/go_client/form3/client.go:100.2,103.16 3 1
/home/valeriya/project/go_client/form3/client.go:123.2,123.15 1 1
/home/valeriya/project/go_client/form3/client.go:138.2,141.16 3 1
/home/valeriya/project/go_client/form3/client.go:145.2,145.14 1 1
/home/valeriya/project/go_client/form3/client.go:159.2,159.22 1 1
/home/valeriya/project/go_client/form3/client.go:97.16,99.3 1 0
/home/valeriya/project/go_client/form3/client.go:103.16,106.10 1 0
/home/valeriya/project/go_client/form3/client.go:113.3,113.36 1 0
/home/valeriya/project/go_client/form3/client.go:120.3,120.18 1 0
/home/valeriya/project/go_client/form3/client.go:107.21,108.25 1 0
/home/valeriya/project/go_client/form3/client.go:109.11,109.11 0 0
/home/valeriya/project/go_client/form3/client.go:113.36,114.46 1 0
/home/valeriya/project/go_client/form3/client.go:114.46,117.5 2 0
/home/valeriya/project/go_client/form3/client.go:123.15,131.73 2 1
/home/valeriya/project/go_client/form3/client.go:135.3,135.20 1 1
/home/valeriya/project/go_client/form3/client.go:131.73,133.4 1 1
/home/valeriya/project/go_client/form3/client.go:141.16,143.3 1 0
/home/valeriya/project/go_client/form3/client.go:145.14,146.33 1 1
/home/valeriya/project/go_client/form3/client.go:146.33,148.4 1 0
/home/valeriya/project/go_client/form3/client.go:148.9,150.24 2 1
/home/valeriya/project/go_client/form3/client.go:153.4,153.21 1 1
/home/valeriya/project/go_client/form3/client.go:150.24,152.5 1 0
/home/valeriya/project/go_client/form3/client.go:153.21,155.5 1 0
/home/valeriya/project/go_client/form3/client.go:162.72,164.2 1 1
/home/valeriya/project/go_client/form3/operations.go:126.182,133.16 2 1
/home/valeriya/project/go_client/form3/operations.go:137.2,139.16 3 1
/home/valeriya/project/go_client/form3/operations.go:143.2,146.34 3 1
/home/valeriya/project/go_client/form3/operations.go:133.16,135.3 1 0
/home/valeriya/project/go_client/form3/operations.go:139.16,141.3 1 0
/home/valeriya/project/go_client/form3/operations.go:153.113,157.16 3 1
/home/valeriya/project/go_client/form3/operations.go:161.2,163.16 3 1
/home/valeriya/project/go_client/form3/operations.go:169.2,172.34 3 1
/home/valeriya/project/go_client/form3/operations.go:157.16,159.3 1 0
/home/valeriya/project/go_client/form3/operations.go:163.16,167.3 2 0
/home/valeriya/project/go_client/form3/operations.go:179.121,188.16 4 1
/home/valeriya/project/go_client/form3/operations.go:192.2,194.16 3 1
/home/valeriya/project/go_client/form3/operations.go:198.2,201.35 3 1
/home/valeriya/project/go_client/form3/operations.go:188.16,190.3 1 0
/home/valeriya/project/go_client/form3/operations.go:194.16,196.3 1 0
/home/valeriya/project/go_client/form3/operations.go:210.97,213.16 3 1
/home/valeriya/project/go_client/form3/operations.go:217.2,217.35 1 1
/home/valeriya/project/go_client/form3/operations.go:213.16,215.3 1 0
/home/valeriya/project/go_client/form3/request_options.go:21.61,23.42 2 0
/home/valeriya/project/go_client/form3/request_options.go:27.2,28.16 2 0
/home/valeriya/project/go_client/form3/request_options.go:32.2,33.16 2 0
/home/valeriya/project/go_client/form3/request_options.go:37.2,38.24 2 0
/home/valeriya/project/go_client/form3/request_options.go:23.42,25.3 1 0
/home/valeriya/project/go_client/form3/request_options.go:28.16,30.3 1 0
/home/valeriya/project/go_client/form3/request_options.go:33.16,35.3 1 0
/home/valeriya/project/go_client/form3/response.go:33.46,35.2 1 1
/home/valeriya/project/go_client/form3/response.go:37.40,41.2 1 0
/home/valeriya/project/go_client/form3/response.go:50.44,51.45 1 1
/home/valeriya/project/go_client/form3/response.go:54.2,56.31 3 0
/home/valeriya/project/go_client/form3/response.go:60.2,60.22 1 0
/home/valeriya/project/go_client/form3/response.go:51.45,53.3 1 1
/home/valeriya/project/go_client/form3/response.go:56.31,58.3 1 0
/home/valeriya/project/go_client/form3/response.go:68.49,69.16 1 0
/home/valeriya/project/go_client/form3/response.go:73.2,73.91 1 0
/home/valeriya/project/go_client/form3/response.go:79.2,79.19 1 0
/home/valeriya/project/go_client/form3/response.go:69.16,71.3 1 0
/home/valeriya/project/go_client/form3/response.go:73.91,76.3 1 0
